SonarQube plugins:
  - Python Code Quality and Security 3.9.0.9230 (python)
  - Go Code Quality and Security 1.9.0.3429 (go)
  - JaCoCo 1.1.1.1157 (jacoco)
  - Kotlin Code Quality and Security 2.9.0.1147 (kotlin)
  - IaC Code Quality and Security 1.5.0.1600 (iac)
  - JavaScript/TypeScript Code Quality and Security 8.8.0.17228 (javascript)
  - Ruby Code Quality and Security 1.9.0.3429 (ruby)
  - Scala Code Quality and Security 1.9.0.3429 (sonarscala)
  - C# Code Quality and Security 8.34.0.42011 (csharp)
  - Java Code Quality and Security 7.7.0.28547 (java)
  - HTML Code Quality and Security 3.6.0.3106 (web)
  - Flex Code Quality and Security 2.7.0.2865 (flex)
  - XML Code Quality and Security 2.5.0.3376 (xml)
  - PHP Code Quality and Security 3.22.1.8626 (php)
  - Text file Code Quality and Security 1.0.0.120 (text)
  - VB.NET Code Quality and Security 8.34.0.42011 (vbnet)
  - Configuration detection fot Code Quality and Security 1.2.0.267 (config)
Global server settings:
  - sonar.core.id=86E1FA4D-AYG6gUo8jOeUQGlWgJul
  - sonar.core.startTime=2022-07-15T16:00:30-0500
  - sonar.forceAuthentication=true
Project server settings:
Project scanner properties:
  - sonar.exclusions=**/vendor/**, graph/graphql/generated/**, graph/graphql/model/**, graph/graphql/schema/**, graph/graphql/gqlgen.yml, pkg/ent/schema/**.go, pkg/ent/mutation.go
  - sonar.go.coverage.reportPaths=coverage.out
  - sonar.go.tests.reportPaths=report.json
  - sonar.host.url=http://localhost:2000
  - sonar.java.binaries=*
  - sonar.login=******
  - sonar.projectBaseDir=/home/harvey/Escritorio/property/symphony
  - sonar.projectKey=symphony_back
  - sonar.scanner.app=ScannerCLI
  - sonar.scanner.appVersion=4.7.0.2747
  - sonar.source=graph/graphql/resolver
  - sonar.sourceEncoding=UTF-8
  - sonar.test=graph/graphql/resolver
  - sonar.test.inclusions=**/*_test.go
  - sonar.verbose=true
  - sonar.working.directory=/home/harvey/Escritorio/property/symphony/.scannerwork
